0 info it worked if it ends with ok
1 verbose cli [ '/home/ubuntu/.nvm/versions/node/v6.11.2/bin/node',
1 verbose cli   '/home/ubuntu/.nvm/versions/node/v6.11.2/bin/npm',
1 verbose cli   'publish' ]
2 info using npm@3.10.10
3 info using node@v6.11.2
4 verbose publish [ '.' ]
5 silly cache add args [ '.', null ]
6 verbose cache add spec .
7 silly cache add parsed spec Result {
7 silly cache add   raw: '.',
7 silly cache add   scope: null,
7 silly cache add   escapedName: null,
7 silly cache add   name: null,
7 silly cache add   rawSpec: '.',
7 silly cache add   spec: '/home/ubuntu/workspace',
7 silly cache add   type: 'directory' }
8 verbose addLocalDirectory /home/ubuntu/.npm/fauceteer/0.0.1/package.tgz not in flight; packing
9 verbose correctMkdir /home/ubuntu/.npm correctMkdir not in flight; initializing
10 info lifecycle fauceteer@0.0.1~prepublish: fauceteer@0.0.1
11 silly lifecycle fauceteer@0.0.1~prepublish: no script for prepublish, continuing
12 verbose tar pack [ '/home/ubuntu/.npm/fauceteer/0.0.1/package.tgz',
12 verbose tar pack   '/home/ubuntu/workspace' ]
13 verbose tarball /home/ubuntu/.npm/fauceteer/0.0.1/package.tgz
14 verbose folder /home/ubuntu/workspace
15 verbose addLocalTarball adding from inside cache /home/ubuntu/.npm/fauceteer/0.0.1/package.tgz
16 verbose correctMkdir /home/ubuntu/.npm correctMkdir not in flight; initializing
17 silly cache afterAdd fauceteer@0.0.1
18 verbose afterAdd /home/ubuntu/.npm/fauceteer/0.0.1/package/package.json not in flight; writing
19 verbose correctMkdir /home/ubuntu/.npm correctMkdir not in flight; initializing
20 verbose afterAdd /home/ubuntu/.npm/fauceteer/0.0.1/package/package.json written
21 silly publish { name: 'fauceteer',
21 silly publish   version: '0.0.1',
21 silly publish   description: 'CLI Application for the SpigotMC Project.',
21 silly publish   main: 'index.js',
21 silly publish   dependencies:
21 silly publish    { asciify: '^1.3.5',
21 silly publish      chalk: '^2.4.1',
21 silly publish      commander: '^2.15.1',
21 silly publish      inquirer: '^5.2.0',
21 silly publish      'js-yaml': '^3.11.0',
21 silly publish      progress: '^2.0.0',
21 silly publish      request: '^2.85.0' },
21 silly publish   preferGlobal: true,
21 silly publish   bin: { fauceteer: './index.js' },
21 silly publish   devDependencies: {},
21 silly publish   scripts: { test: 'echo "Error: no test specified" && exit 1' },
21 silly publish   repository:
21 silly publish    { type: 'git',
21 silly publish      url: 'git+https://github.com/reundefined/fauceteer.git' },
21 silly publish   keywords: [ 'spigot', 'cli', 'faucet' ],
21 silly publish   author: { name: 'reundefined' },
21 silly publish   license: 'MIT',
21 silly publish   bugs: { url: 'https://github.com/reundefined/fauceteer/issues' },
21 silly publish   homepage: 'https://github.com/reundefined/fauceteer#readme',
21 silly publish   readme: '![](https://cdn.discordapp.com/attachments/431882395114012695/442219259628617728/FauceteerLogo.png)\n###### Please wait warmly for futher instructions.\n\n# Welcome!\nThis is Fauceteer, a CLI made with Node.js for Spigot!\n\n## Install\n```npm i -g fauceteer```\n\n## Features\n* Directly Downloading the latest Spigot, Bukkit, or Vanilla Server build.\n* Quickly grabs from a consistantly updated repository for latest builds.\n* More to come soon!\n\n## Planned Features\n* Pre-creating servers\n* More to come soon!\n\n## Commands\n`fauceteer init` || Creates a pre-made directory for Fauceteer settings.\n<br>\n`fauceteer latest [--jar-type[=spigot] [--output[=cwd]]` || Downloads the latest server file, defaults to spigot and the current working directory.\n\n###### Arguments: \\<required\\> | [optional]\n\n## Links\n[Discord Server](https://discord.gg/Y32uH7H)',
21 silly publish   readmeFilename: 'README.md',
21 silly publish   gitHead: 'b95ea1b2bbd5b47c2808b2e901cb6be8c73230a8',
21 silly publish   _id: 'fauceteer@0.0.1',
21 silly publish   _shasum: 'b5c5bf5c76439bc9c1e74d1c02f28e0d848f6c6e',
21 silly publish   _from: '.' }
22 verbose getPublishConfig undefined
23 silly mapToRegistry name fauceteer
24 silly mapToRegistry using default registry
25 silly mapToRegistry registry https://registry.npmjs.org/
26 silly mapToRegistry data Result {
26 silly mapToRegistry   raw: 'fauceteer',
26 silly mapToRegistry   scope: null,
26 silly mapToRegistry   escapedName: 'fauceteer',
26 silly mapToRegistry   name: 'fauceteer',
26 silly mapToRegistry   rawSpec: '',
26 silly mapToRegistry   spec: 'latest',
26 silly mapToRegistry   type: 'tag' }
27 silly mapToRegistry uri https://registry.npmjs.org/fauceteer
28 verbose publish registryBase https://registry.npmjs.org/
29 silly publish uploading /home/ubuntu/.npm/fauceteer/0.0.1/package.tgz
30 verbose request uri https://registry.npmjs.org/fauceteer
31 verbose request sending authorization for write operation
32 info attempt registry request try #1 at 10:04:32 PM
33 verbose request using bearer token for auth
34 verbose request id 4ebe5bdd4e71c95c
35 http request PUT https://registry.npmjs.org/fauceteer
36 http 403 https://registry.npmjs.org/fauceteer
37 verbose headers { 'content-type': 'application/json',
37 verbose headers   'cache-control': 'max-age=300',
37 verbose headers   'content-length': '71',
37 verbose headers   'accept-ranges': 'bytes',
37 verbose headers   date: 'Sat, 05 May 2018 22:04:33 GMT',
37 verbose headers   via: '1.1 varnish',
37 verbose headers   connection: 'keep-alive',
37 verbose headers   'x-served-by': 'cache-ord1730-ORD',
37 verbose headers   'x-cache': 'MISS',
37 verbose headers   'x-cache-hits': '0',
37 verbose headers   'x-timer': 'S1525557873.676825,VS0,VE360',
37 verbose headers   vary: 'Accept-Encoding, Accept' }
38 verbose request invalidating /home/ubuntu/.npm/registry.npmjs.org/fauceteer on PUT
39 error publish Failed PUT 403
40 verbose stack Error: fauceteer cannot be republished until 24 hours have passed. : fauceteer
40 verbose stack     at makeError (/home/ubuntu/.nvm/versions/node/v6.11.2/lib/node_modules/npm/node_modules/npm-registry-client/lib/request.js:302:12)
40 verbose stack     at CachingRegistryClient.<anonymous> (/home/ubuntu/.nvm/versions/node/v6.11.2/lib/node_modules/npm/node_modules/npm-registry-client/lib/request.js:290:14)
40 verbose stack     at Request._callback (/home/ubuntu/.nvm/versions/node/v6.11.2/lib/node_modules/npm/node_modules/npm-registry-client/lib/request.js:210:14)
40 verbose stack     at Request.self.callback (/home/ubuntu/.nvm/versions/node/v6.11.2/lib/node_modules/npm/node_modules/request/request.js:187:22)
40 verbose stack     at emitTwo (events.js:106:13)
40 verbose stack     at Request.emit (events.js:191:7)
40 verbose stack     at Request.<anonymous> (/home/ubuntu/.nvm/versions/node/v6.11.2/lib/node_modules/npm/node_modules/request/request.js:1048:10)
40 verbose stack     at emitOne (events.js:96:13)
40 verbose stack     at Request.emit (events.js:188:7)
40 verbose stack     at IncomingMessage.<anonymous> (/home/ubuntu/.nvm/versions/node/v6.11.2/lib/node_modules/npm/node_modules/request/request.js:969:12)
41 verbose statusCode 403
42 verbose pkgid fauceteer
43 verbose cwd /home/ubuntu/workspace
44 error Linux 4.9.80-c9
45 error argv "/home/ubuntu/.nvm/versions/node/v6.11.2/bin/node" "/home/ubuntu/.nvm/versions/node/v6.11.2/bin/npm" "publish"
46 error node v6.11.2
47 error npm  v3.10.10
48 error code E403
49 error fauceteer cannot be republished until 24 hours have passed. : fauceteer
50 error If you need help, you may report this error at:
50 error     <https://github.com/npm/npm/issues>
51 verbose exit [ 1, true ]
